<?xml version="1.0" encoding="UTF-8"?>
<Site BuildName="(empty)"
	BuildStamp="20251207-0709-Experimental"
	Name="(empty)"
	Generator="ctest-4.2.0"
	CompilerName=""
	CompilerVersion=""
	OSName="Linux"
	Hostname="archlinux"
	OSRelease="6.17.9-arch1-1"
	OSVersion="#1 SMP PREEMPT_DYNAMIC Mon, 24 Nov 2025 15:21:09 +0000"
	OSPlatform="x86_64"
	Is64Bits="1"
	VendorString="GenuineIntel"
	VendorID="Intel Corporation"
	FamilyID="6"
	ModelID="140"
	ModelName="11th Gen Intel(R) Core(TM) i5-1135G7 @ 2.40GHz"
	ProcessorCacheSize="8192"
	NumberOfLogicalCPU="8"
	NumberOfPhysicalCPU="4"
	TotalVirtualMemory="10239"
	TotalPhysicalMemory="39839"
	LogicalProcessorsPerPhysical="2"
	ProcessorClockFrequency="1799.98"
	>
	<Testing>
		<StartDateTime>Dec 07 16:58 CET</StartDateTime>
		<StartTestTime>1765123113</StartTestTime>
		<TestList/>
		<EndDateTime>Dec 07 16:58 CET</EndDateTime>
		<EndTestTime>1765123113</EndTestTime>
		<ElapsedMinutes>0</ElapsedMinutes>
	</Testing>
</Site>
